<?xml version="1.0" encoding="UTF-8"?>
<testng-results skipped="0" failed="0" ignored="0" total="3" passed="3">
  <reporter-output>
  </reporter-output>
  <suite name="Default suite" duration-ms="2280" started-at="2021-05-31T09:28:19Z" finished-at="2021-05-31T09:28:21Z">
    <groups>
    </groups>
    <test name="Default test" duration-ms="2280" started-at="2021-05-31T09:28:19Z" finished-at="2021-05-31T09:28:21Z">
      <class name="restassuredtestcases.Testcase1">
        <test-method status="PASS" signature="datasourceexample(double, java.lang.String, java.lang.String, double, java.lang.String, java.lang.String, java.lang.String)[pri:0, instance:restassuredtestcases.Testcase1@1e802ef9]" name="datasourceexample" duration-ms="1582" started-at="2021-05-31T09:28:20Z" data-provider="InputsFromExcel" finished-at="2021-05-31T09:28:21Z">
          <params>
            <param index="0">
              <value>
                <![CDATA[2345.0]]>
              </value>
            </param>
            <param index="1">
              <value>
                <![CDATA[Maha]]>
              </value>
            </param>
            <param index="2">
              <value>
                <![CDATA[Savings]]>
              </value>
            </param>
            <param index="3">
              <value>
                <![CDATA[9.938438584E9]]>
              </value>
            </param>
            <param index="4">
              <value>
                <![CDATA[13-98]]>
              </value>
            </param>
            <param index="5">
              <value>
                <![CDATA[Vizag]]>
              </value>
            </param>
            <param index="6">
              <value>
                <![CDATA[Andhrapradesh]]>
              </value>
            </param>
          </params>
          <reporter-output>
          </reporter-output>
        </test-method> <!-- datasourceexample -->
        <test-method status="PASS" signature="datasourceexample(double, java.lang.String, java.lang.String, double, java.lang.String, java.lang.String, java.lang.String)[pri:0, instance:restassuredtestcases.Testcase1@1e802ef9]" name="datasourceexample" duration-ms="43" started-at="2021-05-31T09:28:21Z" data-provider="InputsFromExcel" finished-at="2021-05-31T09:28:21Z">
          <params>
            <param index="0">
              <value>
                <![CDATA[4567.0]]>
              </value>
            </param>
            <param index="1">
              <value>
                <![CDATA[Satish]]>
              </value>
            </param>
            <param index="2">
              <value>
                <![CDATA[Credit]]>
              </value>
            </param>
            <param index="3">
              <value>
                <![CDATA[9.862372473E9]]>
              </value>
            </param>
            <param index="4">
              <value>
                <![CDATA[45-09]]>
              </value>
            </param>
            <param index="5">
              <value>
                <![CDATA[Vizag]]>
              </value>
            </param>
            <param index="6">
              <value>
                <![CDATA[Andhrapradesh]]>
              </value>
            </param>
          </params>
          <reporter-output>
          </reporter-output>
        </test-method> <!-- datasourceexample -->
        <test-method status="PASS" signature="datasourceexample(double, java.lang.String, java.lang.String, double, java.lang.String, java.lang.String, java.lang.String)[pri:0, instance:restassuredtestcases.Testcase1@1e802ef9]" name="datasourceexample" duration-ms="61" started-at="2021-05-31T09:28:21Z" data-provider="InputsFromExcel" finished-at="2021-05-31T09:28:21Z">
          <params>
            <param index="0">
              <value>
                <![CDATA[34567.0]]>
              </value>
            </param>
            <param index="1">
              <value>
                <![CDATA[Yoshi]]>
              </value>
            </param>
            <param index="2">
              <value>
                <![CDATA[Salary]]>
              </value>
            </param>
            <param index="3">
              <value>
                <![CDATA[9.999911111E9]]>
              </value>
            </param>
            <param index="4">
              <value>
                <![CDATA[45-09]]>
              </value>
            </param>
            <param index="5">
              <value>
                <![CDATA[Vizag]]>
              </value>
            </param>
            <param index="6">
              <value>
                <![CDATA[Andhrapradesh]]>
              </value>
            </param>
          </params>
          <reporter-output>
          </reporter-output>
        </test-method> <!-- datasourceexample -->
      </class> <!-- restassuredtestcases.Testcase1 -->
    </test> <!-- Default test -->
  </suite> <!-- Default suite -->
</testng-results>
